f:\курсач\kurs\sra-2019\course_project\debug\course_project.pch
f:\курсач\kurs\sra-2019\course_project\debug\vc141.pdb
f:\курсач\kurs\sra-2019\course_project\debug\vc141.idb
f:\курсач\kurs\sra-2019\course_project\debug\stdafx.obj
f:\курсач\kurs\sra-2019\course_project\debug\semanticanalyse.obj
f:\курсач\kurs\sra-2019\course_project\debug\polish_notation.obj
f:\курсач\kurs\sra-2019\course_project\debug\parm.obj
f:\курсач\kurs\sra-2019\course_project\debug\mfst.obj
f:\курсач\kurs\sra-2019\course_project\debug\lt.obj
f:\курсач\kurs\sra-2019\course_project\debug\log.obj
f:\курсач\kurs\sra-2019\course_project\debug\lexicalanalyse.obj
f:\курсач\kurs\sra-2019\course_project\debug\it.obj
f:\курсач\kurs\sra-2019\course_project\debug\in.obj
f:\курсач\kurs\sra-2019\course_project\debug\grb.obj
f:\курсач\kurs\sra-2019\course_project\debug\fst.obj
f:\курсач\kurs\sra-2019\course_project\debug\error.obj
f:\курсач\kurs\sra-2019\course_project\debug\course_project.obj
f:\курсач\kurs\sra-2019\course_project\debug\codegeneration.obj
f:\курсач\kurs\sra-2019\debug\course_project.exe
f:\курсач\kurs\sra-2019\debug\course_project.ilk
f:\курсач\kurs\sra-2019\debug\course_project.pdb
f:\курсач\kurs\sra-2019\course_project\debug\course_project.tlog\cl.command.1.tlog
f:\курсач\kurs\sra-2019\course_project\debug\course_project.tlog\cl.read.1.tlog
f:\курсач\kurs\sra-2019\course_project\debug\course_project.tlog\cl.write.1.tlog
f:\курсач\kurs\sra-2019\course_project\debug\course_project.tlog\link.command.1.tlog
f:\курсач\kurs\sra-2019\course_project\debug\course_project.tlog\link.read.1.tlog
f:\курсач\kurs\sra-2019\course_project\debug\course_project.tlog\link.write.1.tlog
